TN:
SF:src/store/api-endpoint.ts
FNF:0
FNH:0
DA:1,1
LF:1
LH:1
BRF:0
BRH:0
end_of_record
TN:
SF:src/store/auth.ts
FN:7,state
FN:11,getUser
FN:15,signin
FN:38,session
FN:62,signout
FN:71,updateUser
FNF:6
FNH:5
FNDA:6,state
FNDA:1,getUser
FNDA:2,signin
FNDA:3,session
FNDA:1,signout
FNDA:0,updateUser
DA:1,1
DA:2,1
DA:4,1
DA:6,1
DA:7,1
DA:8,6
DA:9,6
DA:10,1
DA:11,1
DA:12,1
DA:14,1
DA:15,1
DA:16,2
DA:17,2
DA:18,2
DA:19,2
DA:20,2
DA:21,2
DA:22,2
DA:23,2
DA:25,2
DA:28,2
DA:29,1
DA:30,1
DA:31,1
DA:32,1
DA:34,1
DA:35,1
DA:36,2
DA:38,1
DA:39,3
DA:40,3
DA:41,3
DA:42,3
DA:43,3
DA:44,3
DA:45,3
DA:47,3
DA:50,3
DA:51,1
DA:52,1
DA:54,2
DA:55,2
DA:56,3
DA:58,1
DA:59,1
DA:60,3
DA:62,1
DA:63,1
DA:64,1
DA:65,1
DA:66,1
DA:67,1
DA:68,1
DA:69,1
DA:70,1
DA:71,1
DA:72,0
DA:73,0
DA:74,0
DA:75,0
DA:76,0
DA:77,0
DA:78,0
DA:79,0
DA:80,0
DA:81,0
DA:82,0
DA:83,0
DA:85,0
DA:86,0
DA:87,0
DA:89,0
DA:90,0
DA:91,1
DA:92,1
LF:76
LH:59
BRDA:7,0,0,6
BRDA:11,1,0,1
BRDA:15,2,0,2
BRDA:28,3,0,1
BRDA:38,4,0,3
BRDA:50,5,0,1
BRDA:52,6,0,2
BRDA:56,7,0,1
BRDA:62,8,0,1
BRF:9
BRH:9
end_of_record
TN:
SF:src/store/fleet.ts
FN:1,(empty-report)
FNF:1
FNH:0
FNDA:0,(empty-report)
DA:1,0
DA:2,0
DA:4,0
DA:6,0
DA:7,0
DA:8,0
DA:9,0
DA:10,0
DA:11,0
DA:12,0
DA:13,0
DA:14,0
DA:15,0
DA:16,0
DA:17,0
DA:18,0
DA:19,0
DA:20,0
DA:21,0
DA:22,0
DA:23,0
DA:24,0
DA:25,0
DA:26,0
DA:27,0
DA:28,0
DA:29,0
DA:30,0
DA:31,0
DA:32,0
DA:33,0
DA:34,0
DA:35,0
DA:36,0
DA:37,0
DA:38,0
DA:39,0
DA:41,0
DA:42,0
DA:43,0
DA:44,0
DA:45,0
DA:46,0
DA:47,0
DA:48,0
DA:49,0
DA:50,0
DA:51,0
DA:52,0
DA:53,0
DA:54,0
DA:56,0
DA:57,0
DA:58,0
DA:59,0
DA:60,0
DA:61,0
DA:62,0
DA:63,0
DA:64,0
DA:65,0
DA:66,0
DA:67,0
DA:68,0
DA:69,0
DA:71,0
DA:72,0
DA:73,0
DA:74,0
DA:75,0
DA:76,0
DA:77,0
DA:78,0
DA:79,0
DA:80,0
DA:81,0
DA:82,0
DA:83,0
DA:84,0
DA:85,0
DA:86,0
DA:88,0
DA:89,0
DA:90,0
DA:91,0
DA:92,0
DA:93,0
DA:94,0
DA:95,0
DA:96,0
DA:97,0
DA:98,0
DA:99,0
DA:100,0
DA:101,0
DA:102,0
DA:103,0
DA:105,0
DA:106,0
DA:107,0
DA:108,0
DA:109,0
DA:110,0
DA:111,0
DA:112,0
DA:113,0
DA:114,0
DA:115,0
DA:116,0
DA:117,0
DA:118,0
DA:119,0
DA:120,0
DA:122,0
DA:123,0
DA:124,0
DA:125,0
DA:126,0
DA:127,0
DA:128,0
DA:129,0
DA:131,0
DA:132,0
DA:133,0
DA:134,0
DA:135,0
DA:136,0
DA:138,0
DA:139,0
DA:140,0
DA:141,0
DA:142,0
DA:143,0
DA:144,0
DA:145,0
DA:147,0
DA:148,0
DA:149,0
DA:150,0
DA:151,0
DA:152,0
DA:153,0
DA:154,0
LF:143
LH:0
BRDA:1,0,0,0
BRF:1
BRH:0
end_of_record
TN:
SF:src/store/resource.ts
FN:17,state
FN:24,getResources
FN:25,getResource
FN:26,countAll
FN:27,countService
FN:28,countInRepair
FN:29,countOutOfService
FN:33,fetchResources
FN:51,fetchResource
FN:69,createResource
FN:87,updateResource
FN:107,deleteResource
FNF:12
FNH:9
FNDA:11,state
FNDA:0,getResources
FNDA:0,getResource
FNDA:1,countAll
FNDA:1,countService
FNDA:1,countInRepair
FNDA:1,countOutOfService
FNDA:2,fetchResources
FNDA:0,fetchResource
FNDA:2,createResource
FNDA:2,updateResource
FNDA:1,deleteResource
DA:1,1
DA:2,1
DA:3,1
DA:16,1
DA:17,1
DA:18,11
DA:19,11
DA:20,11
DA:21,11
DA:22,11
DA:23,1
DA:24,1
DA:25,1
DA:26,1
DA:27,1
DA:28,1
DA:29,1
DA:30,1
DA:31,1
DA:32,1
DA:33,1
DA:34,2
DA:35,2
DA:36,2
DA:37,2
DA:38,2
DA:39,2
DA:40,2
DA:41,2
DA:42,1
DA:43,1
DA:44,1
DA:45,1
DA:46,1
DA:47,1
DA:48,1
DA:49,2
DA:51,1
DA:52,0
DA:53,0
DA:54,0
DA:55,0
DA:56,0
DA:57,0
DA:58,0
DA:59,0
DA:60,0
DA:61,0
DA:62,0
DA:63,0
DA:64,0
DA:65,0
DA:66,0
DA:67,0
DA:69,1
DA:70,2
DA:71,2
DA:72,2
DA:73,2
DA:74,2
DA:75,2
DA:76,2
DA:77,2
DA:78,2
DA:79,1
DA:80,1
DA:81,1
DA:82,1
DA:83,1
DA:84,1
DA:85,2
DA:87,1
DA:88,2
DA:89,2
DA:90,2
DA:91,2
DA:92,2
DA:93,2
DA:94,2
DA:95,2
DA:96,2
DA:97,1
DA:98,1
DA:99,1
DA:100,1
DA:101,1
DA:102,1
DA:103,1
DA:104,1
DA:105,2
DA:107,1
DA:108,1
DA:109,1
DA:110,1
DA:111,1
DA:112,1
DA:113,1
DA:114,1
DA:115,1
DA:116,0
DA:117,0
DA:118,1
DA:119,1
DA:120,1
LF:104
LH:86
BRDA:17,0,0,11
BRDA:26,1,0,1
BRDA:27,2,0,1
BRDA:27,3,0,2
BRDA:28,4,0,1
BRDA:28,5,0,2
BRDA:29,6,0,1
BRDA:30,7,0,2
BRDA:33,8,0,2
BRDA:41,9,0,1
BRDA:69,10,0,2
BRDA:78,11,0,1
BRDA:87,12,0,2
BRDA:96,13,0,1
BRDA:101,14,0,1
BRDA:102,15,0,0
BRDA:107,16,0,1
BRDA:115,17,0,0
BRF:18
BRH:16
end_of_record
TN:
SF:src/store/ticket.ts
FN:24,state
FN:28,getTickets
FN:29,getTicket
FN:30,countAll
FN:31,countTodo
FN:32,countInProgress
FN:33,countBlocked
FN:36,fetchTickets
FN:54,fetchTicket
FN:72,createTicket
FN:90,updateTicket
FN:111,deleteTicket
FNF:12
FNH:8
FNDA:11,state
FNDA:0,getTickets
FNDA:0,getTicket
FNDA:1,countAll
FNDA:1,countTodo
FNDA:1,countInProgress
FNDA:1,countBlocked
FNDA:2,fetchTickets
FNDA:0,fetchTicket
FNDA:2,createTicket
FNDA:3,updateTicket
FNDA:0,deleteTicket
DA:1,1
DA:2,1
DA:5,1
DA:23,1
DA:24,1
DA:25,11
DA:26,11
DA:27,1
DA:28,1
DA:29,1
DA:30,1
DA:31,1
DA:32,1
DA:33,1
DA:34,1
DA:35,1
DA:36,1
DA:37,2
DA:38,2
DA:39,2
DA:40,2
DA:41,2
DA:42,2
DA:43,2
DA:44,2
DA:45,1
DA:46,1
DA:47,1
DA:48,1
DA:49,1
DA:50,1
DA:51,1
DA:52,2
DA:54,1
DA:55,0
DA:56,0
DA:57,0
DA:58,0
DA:59,0
DA:60,0
DA:61,0
DA:62,0
DA:63,0
DA:64,0
DA:65,0
DA:66,0
DA:67,0
DA:68,0
DA:69,0
DA:70,0
DA:72,1
DA:73,2
DA:74,2
DA:75,2
DA:76,2
DA:77,2
DA:78,2
DA:79,2
DA:80,2
DA:81,2
DA:82,1
DA:83,1
DA:84,1
DA:85,1
DA:86,1
DA:87,1
DA:88,2
DA:90,1
DA:91,3
DA:92,3
DA:93,3
DA:94,3
DA:95,3
DA:96,3
DA:97,3
DA:98,3
DA:99,3
DA:100,1
DA:101,1
DA:102,1
DA:103,2
DA:104,2
DA:105,3
DA:106,1
DA:107,1
DA:108,2
DA:109,3
DA:111,1
DA:112,0
DA:113,0
DA:114,0
DA:115,0
DA:116,0
DA:117,0
DA:118,0
DA:119,0
DA:120,0
DA:121,0
DA:122,0
DA:123,1
DA:124,1
LF:101
LH:74
BRDA:24,0,0,11
BRDA:30,1,0,1
BRDA:31,2,0,1
BRDA:31,3,0,2
BRDA:32,4,0,1
BRDA:32,5,0,3
BRDA:33,6,0,1
BRDA:33,7,0,2
BRDA:36,8,0,2
BRDA:44,9,0,1
BRDA:72,10,0,2
BRDA:81,11,0,1
BRDA:90,12,0,3
BRDA:99,13,0,1
BRDA:102,14,0,2
BRDA:105,15,0,1
BRDA:105,16,0,1
BRDA:107,17,0,2
BRDA:104,18,0,2
BRDA:104,19,0,0
BRF:20
BRH:19
end_of_record
TN:
SF:src/store/token.ts
FN:1,(empty-report)
FNF:1
FNH:0
FNDA:0,(empty-report)
DA:1,0
DA:2,0
DA:8,0
DA:9,0
DA:10,0
DA:11,0
DA:13,0
DA:15,0
DA:16,0
DA:17,0
DA:18,0
DA:20,0
DA:22,0
DA:23,0
DA:24,0
DA:25,0
DA:28,0
DA:29,0
DA:30,0
DA:31,0
DA:34,0
DA:35,0
DA:36,0
DA:37,0
DA:38,0
DA:39,0
LF:26
LH:0
BRDA:1,0,0,0
BRF:1
BRH:0
end_of_record
TN:
SF:src/store/user.ts
FN:17,state
FN:27,getUsers
FN:28,getUser
FN:29,getRoles
FN:30,getServices
FN:31,getPermissions
FN:32,count
FN:37,fetchUsers
FN:52,fetchUser
FN:67,fetchRoles
FN:82,fetchServices
FN:97,fetchPermissions
FN:113,createUser
FN:130,updateuser
FN:147,deleteUser
FN:167,createRole
FN:184,createService
FN:201,createOrUpdatePermission
FNF:18
FNH:7
FNDA:10,state
FNDA:0,getUsers
FNDA:0,getUser
FNDA:1,getRoles
FNDA:0,getServices
FNDA:0,getPermissions
FNDA:1,count
FNDA:2,fetchUsers
FNDA:0,fetchUser
FNDA:2,fetchRoles
FNDA:0,fetchServices
FNDA:0,fetchPermissions
FNDA:2,createUser
FNDA:0,updateuser
FNDA:2,deleteUser
FNDA:0,createRole
FNDA:0,createService
FNDA:0,createOrUpdatePermission
DA:1,1
DA:2,1
DA:4,1
DA:16,1
DA:17,1
DA:18,10
DA:19,10
DA:20,10
DA:21,10
DA:22,10
DA:23,10
DA:24,10
DA:25,10
DA:26,1
DA:27,1
DA:28,1
DA:29,1
DA:30,1
DA:31,1
DA:32,1
DA:33,1
DA:34,1
DA:35,1
DA:36,1
DA:37,1
DA:38,2
DA:39,2
DA:40,2
DA:41,2
DA:42,2
DA:43,2
DA:44,2
DA:45,1
DA:46,1
DA:47,1
DA:48,1
DA:49,1
DA:50,2
DA:52,1
DA:53,0
DA:54,0
DA:55,0
DA:56,0
DA:57,0
DA:58,0
DA:59,0
DA:60,0
DA:61,0
DA:62,0
DA:63,0
DA:64,0
DA:65,0
DA:67,1
DA:68,2
DA:69,2
DA:70,2
DA:71,2
DA:72,2
DA:73,2
DA:74,2
DA:75,1
DA:76,1
DA:77,1
DA:78,1
DA:79,1
DA:80,2
DA:82,1
DA:83,0
DA:84,0
DA:85,0
DA:86,0
DA:87,0
DA:88,0
DA:89,0
DA:90,0
DA:91,0
DA:92,0
DA:93,0
DA:94,0
DA:95,0
DA:97,1
DA:98,0
DA:99,0
DA:100,0
DA:101,0
DA:102,0
DA:103,0
DA:104,0
DA:105,0
DA:107,0
DA:108,0
DA:109,0
DA:110,0
DA:111,0
DA:113,1
DA:114,2
DA:115,2
DA:116,2
DA:117,2
DA:118,2
DA:119,2
DA:120,2
DA:121,2
DA:122,2
DA:123,2
DA:124,1
DA:125,1
DA:126,1
DA:127,1
DA:128,2
DA:130,1
DA:131,0
DA:132,0
DA:133,0
DA:134,0
DA:135,0
DA:136,0
DA:137,0
DA:138,0
DA:139,0
DA:140,0
DA:141,0
DA:142,0
DA:143,0
DA:144,0
DA:145,0
DA:147,1
DA:148,2
DA:149,2
DA:150,2
DA:151,2
DA:152,2
DA:153,2
DA:154,2
DA:155,2
DA:157,2
DA:158,1
DA:159,1
DA:160,1
DA:161,1
DA:162,2
DA:163,0
DA:164,0
DA:165,2
DA:167,1
DA:168,0
DA:169,0
DA:170,0
DA:171,0
DA:172,0
DA:173,0
DA:174,0
DA:175,0
DA:176,0
DA:177,0
DA:178,0
DA:179,0
DA:180,0
DA:181,0
DA:182,0
DA:184,1
DA:185,0
DA:186,0
DA:187,0
DA:188,0
DA:189,0
DA:190,0
DA:191,0
DA:192,0
DA:193,0
DA:194,0
DA:195,0
DA:196,0
DA:197,0
DA:198,0
DA:199,0
DA:201,1
DA:202,0
DA:203,0
DA:204,0
DA:205,0
DA:206,0
DA:207,0
DA:208,0
DA:209,0
DA:210,0
DA:211,0
DA:212,0
DA:213,0
DA:214,0
DA:215,0
DA:216,1
DA:217,1
LF:193
LH:93
BRDA:17,0,0,10
BRDA:29,1,0,1
BRDA:32,2,0,1
BRDA:37,3,0,2
BRDA:44,4,0,1
BRDA:67,5,0,2
BRDA:74,6,0,1
BRDA:113,7,0,2
BRDA:123,8,0,1
BRDA:147,9,0,2
BRDA:157,10,0,1
BRDA:162,11,0,0
BRDA:158,12,0,2
BRF:13
BRH:12
end_of_record
TN:
SF:src/utils/functions.ts
FN:1,(empty-report)
FNF:1
FNH:1
FNDA:1,(empty-report)
DA:3,0
DA:4,0
DA:5,0
LF:3
LH:0
BRDA:1,0,0,1
BRF:1
BRH:1
end_of_record
TN:
SF:src/utils/storage.ts
FNF:0
FNH:0
DA:1,1
LF:1
LH:1
BRF:0
BRH:0
end_of_record
TN:
SF:src/utils/schemas/create-resource.schema.ts
FNF:0
FNH:0
DA:1,1
DA:3,1
DA:4,1
DA:5,1
DA:6,1
DA:7,1
DA:8,1
DA:9,1
DA:10,1
DA:12,1
DA:13,1
DA:14,1
DA:15,1
DA:16,1
DA:17,1
DA:18,1
DA:19,1
LF:17
LH:17
BRF:0
BRH:0
end_of_record
TN:
SF:src/utils/schemas/create-ticket.schema.ts
FNF:0
FNH:0
DA:1,1
DA:3,1
DA:4,1
DA:5,1
DA:6,1
DA:7,1
DA:8,1
DA:9,1
DA:10,1
DA:11,1
DA:12,1
DA:13,1
DA:14,1
DA:15,1
LF:14
LH:14
BRF:0
BRH:0
end_of_record
TN:
SF:src/utils/schemas/create-user.schema.ts
FNF:0
FNH:0
DA:1,1
DA:3,1
DA:4,1
DA:5,1
DA:6,1
DA:7,1
DA:8,1
DA:9,1
DA:10,1
DA:11,1
DA:13,1
DA:14,1
DA:15,1
DA:16,1
DA:17,1
DA:18,1
DA:19,1
DA:20,1
LF:18
LH:18
BRF:0
BRH:0
end_of_record
TN:
SF:src/utils/schemas/create-vehicle.schema.ts
FNF:0
FNH:0
DA:1,1
DA:3,1
DA:4,1
DA:5,1
DA:6,1
DA:7,1
DA:8,1
DA:9,1
DA:10,1
DA:12,1
DA:13,1
DA:14,1
DA:15,1
DA:16,1
DA:17,1
LF:15
LH:15
BRF:0
BRH:0
end_of_record
TN:
SF:src/utils/types/index.ts
FN:1,(empty-report)
FNF:1
FNH:1
FNDA:1,(empty-report)
LF:0
LH:0
BRDA:1,0,0,1
BRF:1
BRH:1
end_of_record
